<?xml version="1.0" encoding="UTF-8"?>
<!-- Generated by org.testng.reporters.JUnitXMLReporter -->
<testsuite ignored="0" hostname="Wolf-Beast" failures="0" tests="7" name="Default test" time="4.982" errors="0" timestamp="2024-11-08T16:26:39 IST">
  <testcase classname="testingbaba_test.BrowserWindow_Test" name="@BeforeTest getLaunchUrl_TestingBaba" time="4.573">
    <failure type="org.openqa.selenium.SessionNotCreatedException" message="session not created: This version of ChromeDriver only supports Chrome version 128
Current browser version is 130.0.6723.117 with binary path C:\Program Files\Google\Chrome\Application\chrome.exe
Build info: version: &amp;apos;3.141.59&amp;apos;, revision: &amp;apos;e82be7d358&amp;apos;, time: &amp;apos;2018-11-14T08:25:48&amp;apos;
System info: host: &amp;apos;WOLF-BEAST&amp;apos;, ip: &amp;apos;192.168.1.51&amp;apos;, os.name: &amp;apos;Windows 10&amp;apos;, os.arch: &amp;apos;amd64&amp;apos;, os.version: &amp;apos;10.0&amp;apos;, java.version: &amp;apos;17.0.4.1&amp;apos;
Driver info: driver.version: ChromeDriver
remote stacktrace: 	GetHandleVerifier [0x00007FF74227B632+29090]
	(No symbol) [0x00007FF7421EE6E9]
	(No symbol) [0x00007FF7420AB1CA]
	(No symbol) [0x00007FF7420ED6B2]
	(No symbol) [0x00007FF7420EC751]
	(No symbol) [0x00007FF7420E729C]
	(No symbol) [0x00007FF7420E1E0A]
	(No symbol) [0x00007FF74213236D]
	(No symbol) [0x00007FF742131A20]
	(No symbol) [0x00007FF742126493]
	(No symbol) [0x00007FF7420F09B1]
	(No symbol) [0x00007FF7420F1B11]
	GetHandleVerifier [0x00007FF74259881D+3294093]
	GetHandleVerifier [0x00007FF7425E4403+3604339]
	GetHandleVerifier [0x00007FF7425DA2C7+3563063]
	GetHandleVerifier [0x00007FF742336F16+797318]
	(No symbol) [0x00007FF7421F986F]
	(No symbol) [0x00007FF7421F5454]
	(No symbol) [0x00007FF7421F55E0]
	(No symbol) [0x00007FF7421E4A7F]
	BaseThreadInitThunk [0x00007FF8197B7C24+20]
	RtlUserThreadStart [0x00007FF819FCD4D1+33]
">
      <![CDATA[org.openqa.selenium.SessionNotCreatedException: session not created: This version of ChromeDriver only supports Chrome version 128
Current browser version is 130.0.6723.117 with binary path C:\Program Files\Google\Chrome\Application\chrome.exe
Build info: version: '3.141.59', revision: 'e82be7d358', time: '2018-11-14T08:25:48'
System info: host: 'WOLF-BEAST', ip: '192.168.1.51', os.name: 'Windows 10', os.arch: 'amd64', os.version: '10.0', java.version: '17.0.4.1'
Driver info: driver.version: ChromeDriver
remote stacktrace: GetHandleVerifier [0x00007FF74227B632+29090]
(No symbol) [0x00007FF7421EE6E9]
(No symbol) [0x00007FF7420AB1CA]
(No symbol) [0x00007FF7420ED6B2]
(No symbol) [0x00007FF7420EC751]
(No symbol) [0x00007FF7420E729C]
(No symbol) [0x00007FF7420E1E0A]
(No symbol) [0x00007FF74213236D]
(No symbol) [0x00007FF742131A20]
(No symbol) [0x00007FF742126493]
(No symbol) [0x00007FF7420F09B1]
(No symbol) [0x00007FF7420F1B11]
GetHandleVerifier [0x00007FF74259881D+3294093]
GetHandleVerifier [0x00007FF7425E4403+3604339]
GetHandleVerifier [0x00007FF7425DA2C7+3563063]
GetHandleVerifier [0x00007FF742336F16+797318]
(No symbol) [0x00007FF7421F986F]
(No symbol) [0x00007FF7421F5454]
(No symbol) [0x00007FF7421F55E0]
(No symbol) [0x00007FF7421E4A7F]
BaseThreadInitThunk [0x00007FF8197B7C24+20]
RtlUserThreadStart [0x00007FF819FCD4D1+33]

at java.base/jdk.internal.reflect.NativeConstructorAccessorImpl.newInstance0(Native Method)
at java.base/jdk.internal.reflect.NativeConstructorAccessorImpl.newInstance(NativeConstructorAccessorImpl.java:77)
at java.base/jdk.internal.reflect.DelegatingConstructorAccessorImpl.newInstance(DelegatingConstructorAccessorImpl.java:45)
at java.base/java.lang.reflect.Constructor.newInstanceWithCaller(Constructor.java:499)
at java.base/java.lang.reflect.Constructor.newInstance(Constructor.java:480)
at org.openqa.selenium.remote.W3CHandshakeResponse.lambda$errorHandler$0(W3CHandshakeResponse.java:62)
at org.openqa.selenium.remote.HandshakeResponse.lambda$getResponseFunction$0(HandshakeResponse.java:30)
at org.openqa.selenium.remote.ProtocolHandshake.lambda$createSession$0(ProtocolHandshake.java:126)
at java.base/java.util.stream.ReferencePipeline$3$1.accept(ReferencePipeline.java:197)
at java.base/java.util.Spliterators$ArraySpliterator.tryAdvance(Spliterators.java:1002)
at java.base/java.util.stream.ReferencePipeline.forEachWithCancel(ReferencePipeline.java:129)
at java.base/java.util.stream.AbstractPipeline.copyIntoWithCancel(AbstractPipeline.java:527)
at java.base/java.util.stream.AbstractPipeline.copyInto(AbstractPipeline.java:513)
at java.base/java.util.stream.AbstractPipeline.wrapAndCopyInto(AbstractPipeline.java:499)
at java.base/java.util.stream.FindOps$FindOp.evaluateSequential(FindOps.java:150)
at java.base/java.util.stream.AbstractPipeline.evaluate(AbstractPipeline.java:234)
at java.base/java.util.stream.ReferencePipeline.findFirst(ReferencePipeline.java:647)
at org.openqa.selenium.remote.ProtocolHandshake.createSession(ProtocolHandshake.java:128)
at org.openqa.selenium.remote.ProtocolHandshake.createSession(ProtocolHandshake.java:74)
at org.openqa.selenium.remote.HttpCommandExecutor.execute(HttpCommandExecutor.java:136)
at org.openqa.selenium.remote.service.DriverCommandExecutor.execute(DriverCommandExecutor.java:83)
at org.openqa.selenium.remote.RemoteWebDriver.execute(RemoteWebDriver.java:552)
at org.openqa.selenium.remote.RemoteWebDriver.startSession(RemoteWebDriver.java:213)
at org.openqa.selenium.remote.RemoteWebDriver.<init>(RemoteWebDriver.java:131)
at org.openqa.selenium.chrome.ChromeDriver.<init>(ChromeDriver.java:181)
at org.openqa.selenium.chrome.ChromeDriver.<init>(ChromeDriver.java:168)
at org.openqa.selenium.chrome.ChromeDriver.<init>(ChromeDriver.java:123)
at baselibrary.BaseLibrary.getLaunchUrl(BaseLibrary.java:39)
at testingbaba_test.BrowserWindow_Test.getLaunchUrl_TestingBaba(BrowserWindow_Test.java:21)
at java.base/jdk.internal.reflect.NativeMethodAccessorImpl.invoke0(Native Method)
at java.base/jdk.internal.reflect.NativeMethodAccessorImpl.invoke(NativeMethodAccessorImpl.java:77)
at java.base/jdk.internal.reflect.DelegatingMethodAccessorImpl.invoke(DelegatingMethodAccessorImpl.java:43)
at java.base/java.lang.reflect.Method.invoke(Method.java:568)
at org.testng.internal.invokers.MethodInvocationHelper.invokeMethod(MethodInvocationHelper.java:141)
at org.testng.internal.invokers.MethodInvocationHelper.invokeMethodConsideringTimeout(MethodInvocationHelper.java:71)
at org.testng.internal.invokers.ConfigInvoker.invokeConfigurationMethod(ConfigInvoker.java:400)
at org.testng.internal.invokers.ConfigInvoker.invokeConfigurations(ConfigInvoker.java:333)
at org.testng.TestRunner.invokeTestConfigurations(TestRunner.java:655)
at org.testng.TestRunner.beforeRun(TestRunner.java:644)
at org.testng.TestRunner.run(TestRunner.java:610)
at org.testng.SuiteRunner.runTest(SuiteRunner.java:421)
at org.testng.SuiteRunner.runSequentially(SuiteRunner.java:413)
at org.testng.SuiteRunner.privateRun(SuiteRunner.java:373)
at org.testng.SuiteRunner.run(SuiteRunner.java:312)
at org.testng.SuiteRunnerWorker.runSuite(SuiteRunnerWorker.java:52)
at org.testng.SuiteRunnerWorker.run(SuiteRunnerWorker.java:95)
at org.testng.TestNG.runSuitesSequentially(TestNG.java:1274)
at org.testng.TestNG.runSuitesLocally(TestNG.java:1208)
at org.testng.TestNG.runSuites(TestNG.java:1112)
at org.testng.TestNG.run(TestNG.java:1079)
at org.testng.remote.AbstractRemoteTestNG.run(AbstractRemoteTestNG.java:115)
at org.testng.remote.RemoteTestNG.initAndRun(RemoteTestNG.java:293)
at org.testng.remote.RemoteTestNG.main(RemoteTestNG.java:91)
]]>
    </failure>
  </testcase> <!-- @BeforeTest getLaunchUrl_TestingBaba -->
  <testcase classname="testingbaba_test.BrowserWindow_Test" name="getTitle_TestingBaba" time="0.0">
    <skipped/>
  </testcase> <!-- getTitle_TestingBaba -->
  <testcase classname="testingbaba_test.BrowserWindow_Test" name="clickOnClosebtn" time="0.001">
    <skipped/>
  </testcase> <!-- clickOnClosebtn -->
  <testcase classname="testingbaba_test.BrowserWindow_Test" name="clickOnPractice" time="0.0">
    <skipped/>
  </testcase> <!-- clickOnPractice -->
  <testcase classname="testingbaba_test.BrowserWindow_Test" name="clickOnAlertFrameAndWindows" time="0.0">
    <skipped/>
  </testcase> <!-- clickOnAlertFrameAndWindows -->
  <testcase classname="testingbaba_test.BrowserWindow_Test" name="clickOnBrowserWindow" time="0.0">
    <skipped/>
  </testcase> <!-- clickOnBrowserWindow -->
  <testcase classname="testingbaba_test.BrowserWindow_Test" name="clickOnnewTabFirst" time="0.001">
    <skipped/>
  </testcase> <!-- clickOnnewTabFirst -->
  <testcase classname="testingbaba_test.BrowserWindow_Test" name="clickOnNewWindow" time="0.0">
    <skipped/>
  </testcase> <!-- clickOnNewWindow -->
</testsuite> <!-- Default test -->
